barcodereader/build/intermediates/manifest_merge_blame_file/release/manifest-merger-blame-release-report.txt
1<?xml version="1.0" encoding="utf-8"?>
2<manifest xmlns:android="http://schemas.android.com/apk/res/android"
3    package="com.pharmeasy.barcode"
4    android:versionCode="1"
5    android:versionName="1.1" >
6
7    <uses-sdk
8        android:minSdkVersion="21"
8-->src/main/AndroidManifest.xml
9        android:targetSdkVersion="28" />
9-->src/main/AndroidManifest.xml
10
11    <uses-permission android:name="android.permission.BLUETOOTH" />
11-->src/main/AndroidManifest.xml:4:5-67
11-->src/main/AndroidManifest.xml:4:22-65
12    <uses-permission android:name="android.permission.BLUETOOTH_ADMIN" />
12-->src/main/AndroidManifest.xml:5:5-74
12-->src/main/AndroidManifest.xml:5:22-71
13
14    <application>
14-->src/main/AndroidManifest.xml:7:5-10:19
15        <activity
15-->src/main/AndroidManifest.xml:8:9-9:58
16            android:name="com.pharmeasy.barcode.scanners.bluetoothScanner.DevicesActivity"
16-->src/main/AndroidManifest.xml:8:19-76
17            android:theme="@style/AppTheme.NoActionBar" />
17-->src/main/AndroidManifest.xml:9:13-56
18    </application>
19
20</manifest>